[dt] - Sorry... Your site not working in D:\OSPanel\domains\mysite1.loc\inc\menu.inc.php:6
[dt] - Uninitialized string offset: 5 in D:\OSPanel\domains\mysite1.loc\demo\while.php:9
[dt] - Undefined variable: leftMenu in D:\OSPanel\domains\mysite1.loc\inc\menu.inc.php:5
[dt] - Sorry... Your site not working in D:\OSPanel\domains\mysite1.loc\inc\menu.inc.php:6
[dt] - Undefined variable: leftMenu in D:\OSPanel\domains\mysite1.loc\inc\bottom.inc.php:3
[dt] - Uninitialized string offset: 5 in D:\OSPanel\domains\mysite1.loc\demo\while.php:9
[dt] - Undefined variable: leftMenu in D:\OSPanel\domains\mysite1.loc\inc\menu.inc.php:5
[dt] - Sorry... Your site not working in D:\OSPanel\domains\mysite1.loc\inc\menu.inc.php:6
[dt] - Undefined variable: leftMenu in D:\OSPanel\domains\mysite1.loc\inc\bottom.inc.php:3
[dt] - Undefined variable: wellcome in D:\OSPanel\domains\mysite1.loc\index.php:10
[dt] - Undefined index: id in D:\OSPanel\domains\mysite1.loc\index.php:11
[dt] - Undefined variable: year in D:\OSPanel\domains\mysite1.loc\inc\index.inc.php:2
[dt] - Undefined variable: mon in D:\OSPanel\domains\mysite1.loc\inc\index.inc.php:2
[dt] - Undefined variable: day in D:\OSPanel\domains\mysite1.loc\inc\index.inc.php:2
[dt] - Undefined variable: hour in D:\OSPanel\domains\mysite1.loc\inc\index.inc.php:2
[dt] - Uninitialized string offset: 5 in D:\OSPanel\domains\mysite1.loc\demo\while.php:9
[dt] - Undefined variable: leftMenu in D:\OSPanel\domains\mysite1.loc\inc\menu.inc.php:5
[dt] - Sorry... Your site not working in D:\OSPanel\domains\mysite1.loc\inc\menu.inc.php:6
[dt] - Undefined variable: leftMenu in D:\OSPanel\domains\mysite1.loc\inc\bottom.inc.php:3
[dt] - Undefined variable: year in D:\OSPanel\domains\mysite1.loc\inc\bottom.inc.php:8
[dt] - Undefined index: id in D:\OSPanel\domains\mysite1.loc\index.php:11
[dt] - Uninitialized string offset: 5 in D:\OSPanel\domains\mysite1.loc\demo\while.php:9
[dt] - Undefined index: id in D:\OSPanel\domains\mysite1.loc\index.php:11
[dt] - include(index.inc.php): failed to open stream: No such file or directory in D:\OSPanel\domains\mysite1.loc\index.php:72
[dt] - include(): Failed opening 'index.inc.php' for inclusion (include_path='.;d:/ospanel/modules/php/PHP-5.6-x64;d:/ospanel/modules/php/PHP-5.6-x64/PEAR/pear') in D:\OSPanel\domains\mysite1.loc\index.php:72
[dt] - include(index.inc.php): failed to open stream: No such file or directory in D:\OSPanel\domains\mysite1.loc\index.php:72
[dt] - include(): Failed opening 'index.inc.php' for inclusion (include_path='.;d:/ospanel/modules/php/PHP-5.6-x64;d:/ospanel/modules/php/PHP-5.6-x64/PEAR/pear') in D:\OSPanel\domains\mysite1.loc\index.php:72
[dt] - include(index.inc.php): failed to open stream: No such file or directory in D:\OSPanel\domains\mysite1.loc\index.php:72
[dt] - include(): Failed opening 'index.inc.php' for inclusion (include_path='.;d:/ospanel/modules/php/PHP-5.6-x64;d:/ospanel/modules/php/PHP-5.6-x64/PEAR/pear') in D:\OSPanel\domains\mysite1.loc\index.php:72
[dt] - Undefined index: id in D:\OSPanel\domains\mysite1.loc\index.php:11
[dt] - include(index.inc.php): failed to open stream: No such file or directory in D:\OSPanel\domains\mysite1.loc\index.php:72
[dt] - include(): Failed opening 'index.inc.php' for inclusion (include_path='.;d:/ospanel/modules/php/PHP-5.6-x64;d:/ospanel/modules/php/PHP-5.6-x64/PEAR/pear') in D:\OSPanel\domains\mysite1.loc\index.php:72
[dt] - include(index.inc.php): failed to open stream: No such file or directory in D:\OSPanel\domains\mysite1.loc\index.php:72
[dt] - include(): Failed opening 'index.inc.php' for inclusion (include_path='.;d:/ospanel/modules/php/PHP-5.6-x64;d:/ospanel/modules/php/PHP-5.6-x64/PEAR/pear') in D:\OSPanel\domains\mysite1.loc\index.php:72
[dt] - include(index.inc.php): failed to open stream: No such file or directory in D:\OSPanel\domains\mysite1.loc\index.php:72
[dt] - include(): Failed opening 'index.inc.php' for inclusion (include_path='.;d:/ospanel/modules/php/PHP-5.6-x64;d:/ospanel/modules/php/PHP-5.6-x64/PEAR/pear') in D:\OSPanel\domains\mysite1.loc\index.php:72
[dt] - include(index.inc.php): failed to open stream: No such file or directory in D:\OSPanel\domains\mysite1.loc\index.php:72
[dt] - include(): Failed opening 'index.inc.php' for inclusion (include_path='.;d:/ospanel/modules/php/PHP-5.6-x64;d:/ospanel/modules/php/PHP-5.6-x64/PEAR/pear') in D:\OSPanel\domains\mysite1.loc\index.php:72
[dt] - Undefined index: id in D:\OSPanel\domains\mysite1.loc\index.php:11
[dt] - include(index.inc.php): failed to open stream: No such file or directory in D:\OSPanel\domains\mysite1.loc\index.php:72
[dt] - include(): Failed opening 'index.inc.php' for inclusion (include_path='.;d:/ospanel/modules/php/PHP-5.6-x64;d:/ospanel/modules/php/PHP-5.6-x64/PEAR/pear') in D:\OSPanel\domains\mysite1.loc\index.php:72
[dt] - Undefined index: id in D:\OSPanel\domains\mysite1.loc\index.php:11
[dt] - include(index.inc.php): failed to open stream: No such file or directory in D:\OSPanel\domains\mysite1.loc\index.php:72
[dt] - include(): Failed opening 'index.inc.php' for inclusion (include_path='.;d:/ospanel/modules/php/PHP-5.6-x64;d:/ospanel/modules/php/PHP-5.6-x64/PEAR/pear') in D:\OSPanel\domains\mysite1.loc\index.php:72
[dt] - Undefined index: id in D:\OSPanel\domains\mysite1.loc\index.php:11
[dt] - Uninitialized string offset: 5 in D:\OSPanel\domains\mysite1.loc\demo\while.php:9
[dt] - Undefined index: id in D:\OSPanel\domains\mysite1.loc\index.php:11
[dt] - Uninitialized string offset: 5 in D:\OSPanel\domains\mysite1.loc\demo\while.php:9
[dt] - Undefined index: id in D:\OSPanel\domains\mysite1.loc\index.php:11
[dt] - Uninitialized string offset: 5 in D:\OSPanel\domains\mysite1.loc\demo\while.php:9
[dt] - Undefined index: id in D:\OSPanel\domains\mysite1.loc\index.php:11
[dt] - Uninitialized string offset: 5 in D:\OSPanel\domains\mysite1.loc\demo\while.php:9
[dt] - Undefined variable: cols in D:\OSPanel\domains\mysite1.loc\table.php:50
[dt] - Undefined variable: rows in D:\OSPanel\domains\mysite1.loc\table.php:50
[dt] - Undefined variable: color in D:\OSPanel\domains\mysite1.loc\table.php:50
[dt] - Undefined index: id in D:\OSPanel\domains\mysite1.loc\index.php:11
[dt] - Uninitialized string offset: 5 in D:\OSPanel\domains\mysite1.loc\demo\while.php:9
[dt] - Undefined variable: cols in D:\OSPanel\domains\mysite1.loc\table.php:51
[dt] - Undefined variable: rows in D:\OSPanel\domains\mysite1.loc\table.php:51
[dt] - Undefined variable: color in D:\OSPanel\domains\mysite1.loc\table.php:51
[dt] - Undefined variable: cols in D:\OSPanel\domains\mysite1.loc\table.php:51
[dt] - Undefined variable: rows in D:\OSPanel\domains\mysite1.loc\table.php:51
[dt] - Undefined variable: color in D:\OSPanel\domains\mysite1.loc\table.php:51
[dt] - Undefined index: id in D:\OSPanel\domains\mysite1.loc\index.php:11
[dt] - Uninitialized string offset: 5 in D:\OSPanel\domains\mysite1.loc\demo\while.php:9
[dt] - Undefined index: id in D:\OSPanel\domains\mysite1.loc\index.php:11
[dt] - Uninitialized string offset: 5 in D:\OSPanel\domains\mysite1.loc\demo\while.php:9
[dt] - Undefined index: id in D:\OSPanel\domains\mysite1.loc\index.php:11
[dt] - Uninitialized string offset: 5 in D:\OSPanel\domains\mysite1.loc\demo\while.php:9
[dt] - Undefined variable: cols in D:\OSPanel\domains\mysite1.loc\table.php:51
[dt] - Undefined variable: rows in D:\OSPanel\domains\mysite1.loc\table.php:51
[dt] - Undefined variable: color in D:\OSPanel\domains\mysite1.loc\table.php:51
[dt] - Undefined index: id in D:\OSPanel\domains\mysite1.loc\index.php:11
[dt] - Uninitialized string offset: 5 in D:\OSPanel\domains\mysite1.loc\demo\while.php:9
[dt] - Undefined index: id in D:\OSPanel\domains\mysite1.loc\index.php:11
[dt] - Uninitialized string offset: 5 in D:\OSPanel\domains\mysite1.loc\demo\while.php:9
[dt] - Undefined variable: cols in D:\OSPanel\domains\mysite1.loc\table.php:7
[dt] - Undefined variable: rows in D:\OSPanel\domains\mysite1.loc\table.php:8
[dt] - Undefined variable: color in D:\OSPanel\domains\mysite1.loc\table.php:9
[dt] - Undefined variable: cols in D:\OSPanel\domains\mysite1.loc\table.php:7
[dt] - Undefined variable: rows in D:\OSPanel\domains\mysite1.loc\table.php:8
[dt] - Undefined variable: color in D:\OSPanel\domains\mysite1.loc\table.php:9
[dt] - Undefined variable: cols in D:\OSPanel\domains\mysite1.loc\table.php:7
[dt] - Undefined variable: rows in D:\OSPanel\domains\mysite1.loc\table.php:8
[dt] - Undefined variable: color in D:\OSPanel\domains\mysite1.loc\table.php:9
[dt] - Undefined index: id in D:\OSPanel\domains\mysite1.loc\index.php:11
[dt] - Uninitialized string offset: 5 in D:\OSPanel\domains\mysite1.loc\demo\while.php:9
[dt] - Undefined variable: cols in D:\OSPanel\domains\mysite1.loc\table.php:7
[dt] - Undefined variable: rows in D:\OSPanel\domains\mysite1.loc\table.php:8
[dt] - Undefined variable: color in D:\OSPanel\domains\mysite1.loc\table.php:9
[dt] - Undefined index: id in D:\OSPanel\domains\mysite1.loc\index.php:11
[dt] - Uninitialized string offset: 5 in D:\OSPanel\domains\mysite1.loc\demo\while.php:9
